[2025-11-15 15:35:07] Initializing neural network...
[2025-11-15 15:35:08] Model initialized with 57,897,217 trainable parameters
[2025-11-15 15:35:10] Training Configuration:
[2025-11-15 15:35:10]   - Number of parallel games: 15
[2025-11-15 15:35:10]   - Number of epochs: 100000
[2025-11-15 15:35:10]   - Lookahead moves: 18
[2025-11-15 15:35:10]   - Learning rate: 0.001
[2025-11-15 15:35:10]   - Save frequency: every 10 epochs
[2025-11-15 15:35:10] Starting training...
[2025-11-15 15:35:10] ================================================================================
[2025-11-15 15:35:10] EPOCH 1/100000
[2025-11-15 15:35:10] --------------------------------------------------------------------------------
[2025-11-15 15:35:10] Phase 1: Playing games against Stockfish...
[2025-11-15 15:35:20] Games completed in 10.56 seconds
[2025-11-15 15:35:20]   Games played: 15
[2025-11-15 15:35:20]   Total moves: 210
[2025-11-15 15:35:20]   Results - Wins: 0, Draws: 0, Losses: 15
[2025-11-15 15:35:20]   Win Rate: 0.0%
[2025-11-15 15:35:20] Phase 2: Training neural network...
[2025-11-15 15:35:24] Training completed in 3.58 seconds
[2025-11-15 15:35:24]   Policy Loss: 0.309134
[2025-11-15 15:35:24]   Value Loss: 0.101165
[2025-11-15 15:35:24]   Total Loss: 0.359716
[2025-11-15 15:35:24] Epoch 1 completed in 14.16 seconds
[2025-11-15 15:35:24] ================================================================================
[2025-11-15 15:35:24] EPOCH 2/100000
[2025-11-15 15:35:24] --------------------------------------------------------------------------------
[2025-11-15 15:35:24] Phase 1: Playing games against Stockfish...
[2025-11-15 15:35:33] Games completed in 9.77 seconds
[2025-11-15 15:35:33]   Games played: 15
[2025-11-15 15:35:33]   Total moves: 160
[2025-11-15 15:35:33]   Results - Wins: 0, Draws: 0, Losses: 15
[2025-11-15 15:35:33]   Win Rate: 0.0%
[2025-11-15 15:35:33] Phase 2: Training neural network...
[2025-11-15 15:35:36] Training completed in 2.50 seconds
[2025-11-15 15:35:36]   Policy Loss: 0.329772
[2025-11-15 15:35:36]   Value Loss: 0.006025
[2025-11-15 15:35:36]   Total Loss: 0.332785
[2025-11-15 15:35:36] Epoch 2 completed in 12.28 seconds
[2025-11-15 15:35:36] ================================================================================
[2025-11-15 15:35:36] EPOCH 3/100000
[2025-11-15 15:35:36] --------------------------------------------------------------------------------
[2025-11-15 15:35:36] Phase 1: Playing games against Stockfish...
